[00:00:43] [Server thread/INFO]: osonerd was slain by Spider
[00:12:15] [Server thread/INFO]: yaizi_ta has made the advancement [Sweet Dreams]
[00:12:21] [Server thread/INFO]: Sam_mtzrss has made the advancement [Sweet Dreams]
[00:13:07] [Server thread/INFO]: osonerd has made the advancement [Sweet Dreams]
[00:13:20] [Async Chat Thread - #14/INFO]: [Not Secure] <Sam_mtzrss> ZZzzz
[00:13:22] [Async Chat Thread - #14/INFO]: [Not Secure] <osonerd> zzzzzzzzzzzzzzzzzzzzzzzzzzzzzzz
[00:13:50] [Async Chat Thread - #14/INFO]: [Not Secure] <yaizi_ta> mimamá eme sucho
[00:13:54] [Server thread/INFO]: yaizi_ta was slain by Sam_mtzrss
[00:14:31] [Server thread/INFO]: yaizi_ta was slain by Sam_mtzrss
[00:14:56] [Server thread/INFO]: yaizi_ta was doomed to fall by Sam_mtzrss
[00:15:12] [Server thread/INFO]: osonerd was slain by Sam_mtzrss
[00:15:26] [Server thread/INFO]: yaizi_ta was slain by osonerd
[00:21:05] [Server thread/INFO]: yaizi_ta fell from a high place
[00:22:16] [Server thread/INFO]: Sam_mtzrss has made the advancement [Acquire Hardware]
[00:22:31] [Server thread/INFO]: Sam_mtzrss has made the advancement [Isn't It Iron Pick]
[00:24:35] [Server thread/INFO]: Villager Villager['Nitwit'/7181, uuid='28f34442-2f85-4816-aff3-b238ea36fd59', l='ServerLevel[world]', x=-186.30, y=106.00, z=248.70, cpos=[-12, 15], tl=27398, v=true] died, message: 'Nitwit was slain by Zombie'
[00:24:42] [Server thread/INFO]: Villager Villager['Villager'/7167, uuid='425dc582-695d-4111-a6e6-4955abf89fa2', l='ServerLevel[world]', x=-189.70, y=106.00, z=248.30, cpos=[-12, 15], tl=27605, v=true] died, message: 'Villager was slain by Zombie'
[00:24:48] [Server thread/INFO]: Villager Villager['Villager'/7154, uuid='3c163a36-5d1d-46e3-b381-7a905dbe043a', l='ServerLevel[world]', x=-189.70, y=106.00, z=248.30, cpos=[-12, 15], tl=27776, v=true] died, message: 'Villager was slain by Zombie'
[00:24:55] [Server thread/INFO]: Villager Villager['Villager'/6825, uuid='d9e456fc-d864-42e4-b07b-02e94c5791b2', l='ServerLevel[world]', x=-189.70, y=106.00, z=248.30, cpos=[-12, 15], tl=27969, v=true] died, message: 'Villager was slain by Zombie'
[00:25:03] [Server thread/INFO]: Sam_mtzrss has made the advancement [Take Aim]
[00:26:46] [Async Chat Thread - #16/INFO]: [Not Secure] <Sam_mtzrss> no es tu casa qui
[00:26:47] [Async Chat Thread - #16/INFO]: [Not Secure] <Sam_mtzrss> maldito
[00:26:58] [Async Chat Thread - #16/INFO]: [Not Secure] <Sam_mtzrss> aca es
[00:27:03] [Async Chat Thread - #16/INFO]: [Not Secure] <Sam_mtzrss> esta es tu casa
[00:27:33] [Server thread/INFO]: Villager Villager['Villager'/7201, uuid='33bc166e-7ba1-432f-ba8e-6bd46a4a91ab', l='ServerLevel[world]', x=-183.58, y=104.00, z=206.30, cpos=[-12, 12], tl=30887, v=true] died, message: 'Villager was slain by Zombie'
[00:27:44] [Async Chat Thread - #16/INFO]: [Not Secure] <Sam_mtzrss> duerman cojonudos
[00:27:44] [Async Chat Thread - #16/INFO]: [Not Secure] <osonerd> zzzzzzzzzzzzzzzzzzzzzz
[00:27:46] [Async Chat Thread - #16/INFO]: [Not Secure] <osonerd> zzzzzzzzzzzzzzzzzzzzz
[00:28:04] [Server thread/INFO]: yaizi_ta was poked to death by a sweet berry bush
[00:28:32] [Async Chat Thread - #16/INFO]: [Not Secure] <Sam_mtzrss> abre la puerta
[00:29:02] [Server thread/INFO]: osonerd has made the advancement [Monster Hunter]
[00:29:20] [Async Chat Thread - #16/INFO]: [Not Secure] <Sam_mtzrss> yaiza que te passa
[00:29:28] [Async Chat Thread - #16/INFO]: [Not Secure] <yaizi_ta> porqie
[00:29:41] [Async Chat Thread - #16/INFO]: [Not Secure] <Sam_mtzrss> te moristew por comer vayas
[00:29:45] [Async Chat Thread - #17/INFO]: [Not Secure] <yaizi_ta> JAJAJAJAJ
[00:29:47] [Async Chat Thread - #17/INFO]: [Not Secure] <yaizi_ta> es qtenia
[00:29:49] [Async Chat Thread - #17/INFO]: [Not Secure] <yaizi_ta> mediocrazon
[00:30:06] [Async Chat Thread - #17/INFO]: [Not Secure] <Sam_mtzrss> orita hablo me da penita hablar con mi mama aldo
[00:30:13] [Async Chat Thread - #17/INFO]: [Not Secure] <yaizi_ta> q nub
[00:30:27] [Async Chat Thread - #17/INFO]: [Not Secure] <Sam_mtzrss> ei te a de pasar lo mismo
[00:30:44] [Async Chat Thread - #17/INFO]: [Not Secure] <yaizi_ta> no amigo yo no dejo q la pena me invada
[00:31:02] [Async Chat Thread - #17/INFO]: [Not Secure] <Sam_mtzrss> apoco y porque no estas hablando orita
[00:31:05] [Async Chat Thread - #17/INFO]: [Not Secure] <Sam_mtzrss> J>JAJAJAJJAt
[00:31:07] [Async Chat Thread - #17/INFO]: [Not Secure] <Sam_mtzrss> hablaa anda
[00:31:18] [Async Chat Thread - #17/INFO]: [Not Secure] <Sam_mtzrss> mentiraa
[00:31:36] [Async Chat Thread - #17/INFO]: [Not Secure] <Sam_mtzrss> AJJAJAJA
